<?xml version="1.0" encoding="UTF-8"?>
<testng-results ignored="0" total="1" passed="1" failed="0" skipped="0">
  <reporter-output>
  </reporter-output>
  <suite started-at="2024-08-20T17:50:45 IST" name="Default Suite" finished-at="2024-08-20T17:51:02 IST" duration-ms="17667">
    <groups>
    </groups>
    <test started-at="2024-08-20T17:50:45 IST" name="Project1" finished-at="2024-08-20T17:51:02 IST" duration-ms="17667">
      <class name="test.TestNG_GoogleSearch">
        <test-method is-config="true" signature="setupTest()[pri:0, instance:test.TestNG_GoogleSearch@12b0404f]" started-at="2024-08-20T17:50:45 IST" name="setupTest" finished-at="2024-08-20T17:50:48 IST" duration-ms="3021" status="PASS">
          <reporter-output>
          </reporter-output>
        </test-method> <!-- setupTest -->
        <test-method signature="googleSearch()[pri:0, instance:test.TestNG_GoogleSearch@12b0404f]" started-at="2024-08-20T17:50:48 IST" name="googleSearch" finished-at="2024-08-20T17:51:02 IST" duration-ms="14551" status="PASS">
          <reporter-output>
          </reporter-output>
        </test-method> <!-- googleSearch -->
        <test-method is-config="true" signature="tearDownTest()[pri:0, instance:test.TestNG_GoogleSearch@12b0404f]" started-at="2024-08-20T17:51:02 IST" name="tearDownTest" finished-at="2024-08-20T17:51:02 IST" duration-ms="1" status="PASS">
          <reporter-output>
          </reporter-output>
        </test-method> <!-- tearDownTest -->
      </class> <!-- test.TestNG_GoogleSearch -->
    </test> <!-- Project1 -->
  </suite> <!-- Default Suite -->
</testng-results>
